2025-01-25 02:18:32 [INFO]: Обработчик истечения срока сделок запущен
2025-01-25 02:18:32 [INFO]: Server running on http://localhost:5000
2025-01-25 02:18:32 [INFO]: MongoDB connected
2025-01-25 02:18:33 [INFO]: Connected to MTT Network: MTT, Chain ID: 6880, Block: 6230684
2025-01-25 02:18:33 [INFO]: Connected to Tron Network. Current block: 53913368
2025-01-25 02:18:35 [INFO]: ::ffff:172.31.196.29 - - [25/Jan/2025:02:18:35 +0000] "GET / HTTP/1.1" 404 44 "https://fd06ccd8-8d5e-4752-83cb-2cd7ca51f910-00-140sz8byw2s6v.pike.replit.dev/__replco/workspace_iframe.html?initialPath=%2F&id=%3Ar8jo%3A" "Mozilla/5.0 (Windows NT 10.0; Win64; x64) AppleWebKit/537.36 (KHTML, like Gecko) Chrome/132.0.0.0 Safari/537.36"
2025-01-25 02:20:52 [INFO]: Обработчик истечения срока сделок запущен
2025-01-25 02:20:52 [INFO]: Server running on http://localhost:5000
2025-01-25 02:20:53 [ERROR]: Failed to connect to MTT Network: Unexpected Chain ID: 6880. Expected: 6880
2025-01-25 02:24:07 [INFO]: Обработчик истечения срока сделок запущен
2025-01-25 02:24:07 [INFO]: Server running on http://localhost:5000
2025-01-25 02:24:08 [INFO]: MongoDB connected
2025-01-25 02:24:08 [INFO]: Подключено к MTT Network: MTT, Chain ID: 6880, Block: 6230765
2025-01-25 02:24:08 [INFO]: Connected to Tron Network. Current block: 53913476
2025-01-25 02:24:10 [INFO]: ::ffff:172.31.196.29 - - [25/Jan/2025:02:24:10 +0000] "GET / HTTP/1.1" 404 44 "https://fd06ccd8-8d5e-4752-83cb-2cd7ca51f910-00-140sz8byw2s6v.pike.replit.dev/__replco/workspace_iframe.html?initialPath=%2F&id=%3Ar8s6%3A" "Mozilla/5.0 (Windows NT 10.0; Win64; x64) AppleWebKit/537.36 (KHTML, like Gecko) Chrome/132.0.0.0 Safari/537.36"
2025-01-25 02:25:10 [INFO]: Обработчик истечения срока сделок запущен
2025-01-25 02:25:10 [INFO]: Server running on http://localhost:5000
2025-01-25 02:25:10 [INFO]: Подключено к MTT Network: MTT, Chain ID: 6880, Block: 6230779
2025-01-25 02:25:10 [INFO]: MongoDB connected
2025-01-25 02:25:11 [INFO]: Connected to Tron Network. Current block: 53913496
2025-01-25 02:25:13 [INFO]: 10.84.0.47 - - [25/Jan/2025:02:25:13 +0000] "GET / HTTP/1.1" 404 44 "https://fd06ccd8-8d5e-4752-83cb-2cd7ca51f910-00-140sz8byw2s6v.pike.replit.dev/__replco/workspace_iframe.html?initialPath=%2F&id=%3Ar8si%3A" "Mozilla/5.0 (Windows NT 10.0; Win64; x64) AppleWebKit/537.36 (KHTML, like Gecko) Chrome/132.0.0.0 Safari/537.36"
2025-01-25 02:25:34 [INFO]: Обработчик истечения срока сделок запущен
2025-01-25 02:25:34 [INFO]: Server running on http://localhost:5000
2025-01-25 02:25:34 [INFO]: MongoDB connected
2025-01-25 02:25:34 [INFO]: Подключено к MTT Network: MTT, Chain ID: 6880, Block: 6230784
2025-01-25 02:25:35 [INFO]: Connected to Tron Network. Current block: 53913504
2025-01-25 02:25:36 [INFO]: 10.84.0.47 - - [25/Jan/2025:02:25:36 +0000] "GET / HTTP/1.1" 404 44 "https://fd06ccd8-8d5e-4752-83cb-2cd7ca51f910-00-140sz8byw2s6v.pike.replit.dev/__replco/workspace_iframe.html?initialPath=%2F&id=%3Ar8t5%3A" "Mozilla/5.0 (Windows NT 10.0; Win64; x64) AppleWebKit/537.36 (KHTML, like Gecko) Chrome/132.0.0.0 Safari/537.36"
2025-01-25 02:27:03 [INFO]: Обработчик истечения срока сделок запущен
2025-01-25 02:27:03 [INFO]: Server running on port 5000
2025-01-25 02:27:03 [INFO]: Подключено к MTT Network: MTT, Chain ID: 6880, Block: 6230806
2025-01-25 02:27:03 [INFO]: MongoDB connected
2025-01-25 02:27:04 [INFO]: Connected to Tron Network. Current block: 53913532
2025-01-25 02:27:06 [INFO]: 10.84.4.191 - - [25/Jan/2025:02:27:06 +0000] "GET / HTTP/1.1" 404 44 "https://fd06ccd8-8d5e-4752-83cb-2cd7ca51f910-00-140sz8byw2s6v.pike.replit.dev/__replco/workspace_iframe.html?initialPath=%2F&id=%3Ar8tr%3A" "Mozilla/5.0 (Windows NT 10.0; Win64; x64) AppleWebKit/537.36 (KHTML, like Gecko) Chrome/132.0.0.0 Safari/537.36"
2025-01-25 02:27:28 [INFO]: Обработчик истечения срока сделок запущен
2025-01-25 02:27:28 [INFO]: Server running on port 5000
2025-01-25 02:27:28 [INFO]: Подключено к MTT Network: MTT, Chain ID: 6880, Block: 6230812
2025-01-25 02:27:28 [INFO]: MongoDB connected
2025-01-25 02:27:29 [INFO]: Connected to Tron Network. Current block: 53913540
2025-01-25 02:27:30 [INFO]: 10.84.2.61 - - [25/Jan/2025:02:27:30 +0000] "GET / HTTP/1.1" 404 44 "https://fd06ccd8-8d5e-4752-83cb-2cd7ca51f910-00-140sz8byw2s6v.pike.replit.dev/__replco/workspace_iframe.html?initialPath=%2F&id=%3Ar8u9%3A" "Mozilla/5.0 (Windows NT 10.0; Win64; x64) AppleWebKit/537.36 (KHTML, like Gecko) Chrome/132.0.0.0 Safari/537.36"
2025-01-25 02:28:35 [INFO]: Обработчик истечения срока сделок запущен
2025-01-25 02:28:35 [INFO]: Server running on port 5000
2025-01-25 02:28:36 [INFO]: MongoDB connected
2025-01-25 02:28:36 [INFO]: Подключено к MTT Network: MTT, Chain ID: 6880, Block: 6230828
2025-01-25 02:28:36 [INFO]: Connected to Tron Network. Current block: 53913562
2025-01-25 02:28:38 [INFO]: 10.84.2.61 - - [25/Jan/2025:02:28:38 +0000] "GET / HTTP/1.1" 200 34 "https://fd06ccd8-8d5e-4752-83cb-2cd7ca51f910-00-140sz8byw2s6v.pike.replit.dev/__replco/workspace_iframe.html?initialPath=%2F&id=%3Ar8uo%3A" "Mozilla/5.0 (Windows NT 10.0; Win64; x64) AppleWebKit/537.36 (KHTML, like Gecko) Chrome/132.0.0.0 Safari/537.36"
2025-01-25 02:29:01 [INFO]: Обработчик истечения срока сделок запущен
2025-01-25 02:29:01 [INFO]: Server running on port 5000
2025-01-25 02:29:01 [INFO]: Подключено к MTT Network: MTT, Chain ID: 6880, Block: 6230834
2025-01-25 02:29:01 [INFO]: MongoDB connected
2025-01-25 02:29:02 [INFO]: Connected to Tron Network. Current block: 53913570
2025-01-25 02:29:03 [INFO]: 10.84.2.61 - - [25/Jan/2025:02:29:03 +0000] "GET / HTTP/1.1" 304 - "https://fd06ccd8-8d5e-4752-83cb-2cd7ca51f910-00-140sz8byw2s6v.pike.replit.dev/__replco/workspace_iframe.html?initialPath=%2F&id=%3Ar8v6%3A" "Mozilla/5.0 (Windows NT 10.0; Win64; x64) AppleWebKit/537.36 (KHTML, like Gecko) Chrome/132.0.0.0 Safari/537.36"
2025-01-25 02:31:12 [INFO]: Connected to Tron Network. Current block: 53913612
2025-01-25 02:36:40 [INFO]: Обработчик истечения срока сделок запущен
2025-01-25 02:36:41 [INFO]: Server running on port 5000
2025-01-25 02:36:41 [INFO]: MongoDB connected
2025-01-25 02:36:41 [INFO]: Подключено к MTT Network: MTT, Chain ID: 6880, Block: 6230943
2025-01-25 02:36:42 [INFO]: Connected to Tron Network. Current block: 53913718
2025-01-25 02:37:12 [INFO]: Обработчик истечения срока сделок запущен
2025-01-25 02:37:12 [INFO]: Server running on port 5000
2025-01-25 02:37:13 [INFO]: MongoDB connected
2025-01-25 02:37:13 [INFO]: Подключено к MTT Network: MTT, Chain ID: 6880, Block: 6230949
2025-01-25 02:37:13 [INFO]: Connected to Tron Network. Current block: 53913727
2025-01-25 02:37:13 [INFO]: Connected to Tron Network. Current block: 53913727
2025-01-25 02:37:14 [INFO]: 10.84.7.16 - - [25/Jan/2025:02:37:14 +0000] "GET / HTTP/1.1" 304 - "https://fd06ccd8-8d5e-4752-83cb-2cd7ca51f910-00-140sz8byw2s6v.pike.replit.dev/__replco/workspace_iframe.html?initialPath=%2F&id=%3Ar9mu%3A" "Mozilla/5.0 (Windows NT 10.0; Win64; x64) AppleWebKit/537.36 (KHTML, like Gecko) Chrome/132.0.0.0 Safari/537.36"
2025-01-25 02:38:43 [INFO]: Обработчик истечения срока сделок запущен
2025-01-25 02:38:43 [INFO]: Server running on port 5000
2025-01-25 02:38:43 [INFO]: MongoDB connected
2025-01-25 02:38:44 [INFO]: Connected to Tron Network. Current block: 53913757
2025-01-25 02:38:45 [INFO]: 10.84.7.16 - - [25/Jan/2025:02:38:45 +0000] "GET / HTTP/1.1" 304 - "https://fd06ccd8-8d5e-4752-83cb-2cd7ca51f910-00-140sz8byw2s6v.pike.replit.dev/__replco/workspace_iframe.html?initialPath=%2F&id=%3Ar9n9%3A" "Mozilla/5.0 (Windows NT 10.0; Win64; x64) AppleWebKit/537.36 (KHTML, like Gecko) Chrome/132.0.0.0 Safari/537.36"
2025-01-25 02:39:02 [INFO]: Подключено к MTT Network: MTT, Chain ID: 6880, Block: 6230968
2025-01-25 02:39:14 [INFO]: Обработчик истечения срока сделок запущен
2025-01-25 02:39:14 [INFO]: Server running on port 5000
2025-01-25 02:39:14 [INFO]: MongoDB connected
2025-01-25 02:39:15 [INFO]: Connected to Tron Network. Current block: 53913767
2025-01-25 02:39:15 [INFO]: Подключено к MTT Network: MTT, Chain ID: 6880, Block: 6230977
2025-01-25 02:39:16 [INFO]: 10.84.7.16 - - [25/Jan/2025:02:39:16 +0000] "GET / HTTP/1.1" 304 - "https://fd06ccd8-8d5e-4752-83cb-2cd7ca51f910-00-140sz8byw2s6v.pike.replit.dev/__replco/workspace_iframe.html?initialPath=%2F&id=%3Ar9nn%3A" "Mozilla/5.0 (Windows NT 10.0; Win64; x64) AppleWebKit/537.36 (KHTML, like Gecko) Chrome/132.0.0.0 Safari/537.36"
2025-01-25 02:39:43 [INFO]: Обработчик истечения срока сделок запущен
2025-01-25 02:39:43 [INFO]: Server running on port 5000
2025-01-25 02:39:43 [INFO]: MongoDB connected
2025-01-25 02:39:43 [INFO]: Подключено к MTT Network: MTT, Chain ID: 6880, Block: 6230984
2025-01-25 02:39:44 [INFO]: Connected to Tron Network. Current block: 53913777
2025-01-25 02:39:44 [INFO]: Connected to Tron Network. Current block: 53913777
2025-01-25 02:39:45 [INFO]: 10.84.7.16 - - [25/Jan/2025:02:39:45 +0000] "GET / HTTP/1.1" 304 - "https://fd06ccd8-8d5e-4752-83cb-2cd7ca51f910-00-140sz8byw2s6v.pike.replit.dev/__replco/workspace_iframe.html?initialPath=%2F&id=%3Ar9on%3A" "Mozilla/5.0 (Windows NT 10.0; Win64; x64) AppleWebKit/537.36 (KHTML, like Gecko) Chrome/132.0.0.0 Safari/537.36"
2025-01-25 02:47:23 [INFO]: Обработчик истечения срока сделок запущен
2025-01-25 02:47:23 [INFO]: Server running on port 5000
2025-01-25 02:47:24 [INFO]: MongoDB connected
2025-01-25 02:47:24 [INFO]: Connected to Tron Network. Current block: 53913922
2025-01-25 02:47:25 [INFO]: Подключено к MTT Network: MTT, Chain ID: 6880, Block: 6231091
2025-01-25 02:47:26 [INFO]: 10.84.6.55 - - [25/Jan/2025:02:47:26 +0000] "GET / HTTP/1.1" 304 - "https://fd06ccd8-8d5e-4752-83cb-2cd7ca51f910-00-140sz8byw2s6v.pike.replit.dev/__replco/workspace_iframe.html?initialPath=%2F&id=%3Ar9q3%3A" "Mozilla/5.0 (Windows NT 10.0; Win64; x64) AppleWebKit/537.36 (KHTML, like Gecko) Chrome/132.0.0.0 Safari/537.36"
2025-01-25 02:47:56 [INFO]: Обработчик истечения срока сделок запущен
2025-01-25 02:47:56 [INFO]: Server running on port 5000
2025-01-25 02:47:57 [INFO]: Подключено к MTT Network: MTT, Chain ID: 6880, Block: 6231099
2025-01-25 02:47:57 [INFO]: MongoDB connected
2025-01-25 02:47:57 [INFO]: Connected to Tron Network. Current block: 53913932
2025-01-25 02:47:59 [INFO]: 10.84.6.55 - - [25/Jan/2025:02:47:59 +0000] "GET / HTTP/1.1" 304 - "https://fd06ccd8-8d5e-4752-83cb-2cd7ca51f910-00-140sz8byw2s6v.pike.replit.dev/__replco/workspace_iframe.html?initialPath=%2F&id=%3Ar9qg%3A" "Mozilla/5.0 (Windows NT 10.0; Win64; x64) AppleWebKit/537.36 (KHTML, like Gecko) Chrome/132.0.0.0 Safari/537.36"
2025-01-25 02:48:12 [INFO]: Обработчик истечения срока сделок запущен
2025-01-25 02:48:12 [INFO]: Server running on port 5000
2025-01-25 02:48:13 [INFO]: MongoDB connected
2025-01-25 02:48:13 [INFO]: Connected to Tron Network. Current block: 53913937
2025-01-25 02:48:13 [INFO]: Подключено к MTT Network: MTT, Chain ID: 6880, Block: 6231104
2025-01-25 02:48:13 [INFO]: Connected to Tron Network. Current block: 53913937
2025-01-25 02:48:15 [INFO]: 10.84.6.55 - - [25/Jan/2025:02:48:15 +0000] "GET / HTTP/1.1" 304 - "https://fd06ccd8-8d5e-4752-83cb-2cd7ca51f910-00-140sz8byw2s6v.pike.replit.dev/__replco/workspace_iframe.html?initialPath=%2F&id=%3Ar9qm%3A" "Mozilla/5.0 (Windows NT 10.0; Win64; x64) AppleWebKit/537.36 (KHTML, like Gecko) Chrome/132.0.0.0 Safari/537.36"
2025-01-25 03:02:33 [INFO]: Обработчик истечения срока сделок запущен
2025-01-25 03:02:33 [INFO]: Server running on port 5000
2025-01-25 03:02:34 [INFO]: Подключено к MTT Network: MTT, Chain ID: 6880, Block: 6231278
2025-01-25 03:02:34 [INFO]: MongoDB connected
2025-01-25 03:02:34 [INFO]: Connected to Tron Network. Current block: 53914214
2025-01-25 03:02:37 [INFO]: 10.84.4.191 - - [25/Jan/2025:03:02:37 +0000] "GET / HTTP/1.1" 304 - "https://fd06ccd8-8d5e-4752-83cb-2cd7ca51f910-00-140sz8byw2s6v.pike.replit.dev/__replco/workspace_iframe.html?initialPath=%2F&id=%3Ar9tp%3A" "Mozilla/5.0 (Windows NT 10.0; Win64; x64) AppleWebKit/537.36 (KHTML, like Gecko) Chrome/132.0.0.0 Safari/537.36"
2025-01-25 03:02:39 [INFO]: Обработчик истечения срока сделок запущен
2025-01-25 03:02:39 [INFO]: Server running on port 5000
2025-01-25 03:02:39 [INFO]: MongoDB connected
2025-01-25 03:02:40 [INFO]: Подключено к MTT Network: MTT, Chain ID: 6880, Block: 6231278
2025-01-25 03:02:40 [INFO]: Connected to Tron Network. Current block: 53914216
2025-01-25 03:02:40 [INFO]: 10.84.4.191 - - [25/Jan/2025:03:02:40 +0000] "GET / HTTP/1.1" 304 - "https://fd06ccd8-8d5e-4752-83cb-2cd7ca51f910-00-140sz8byw2s6v.pike.replit.dev/__replco/workspace_iframe.html?initialPath=%2F&id=%3Ar9ua%3A" "Mozilla/5.0 (Windows NT 10.0; Win64; x64) AppleWebKit/537.36 (KHTML, like Gecko) Chrome/132.0.0.0 Safari/537.36"
2025-01-25 03:04:32 [INFO]: Обработчик истечения срока сделок запущен
2025-01-25 03:04:32 [INFO]: Server running on port 5000
2025-01-25 03:04:32 [INFO]: Подключено к MTT Network: MTT, Chain ID: 6880, Block: 6231305
2025-01-25 03:04:32 [INFO]: MongoDB connected
2025-01-25 03:04:33 [INFO]: Connected to Tron Network. Current block: 53914252
2025-01-25 03:04:34 [INFO]: 10.84.4.191 - - [25/Jan/2025:03:04:34 +0000] "GET / HTTP/1.1" 304 - "https://fd06ccd8-8d5e-4752-83cb-2cd7ca51f910-00-140sz8byw2s6v.pike.replit.dev/__replco/workspace_iframe.html?initialPath=%2F&id=%3Ar9ur%3A" "Mozilla/5.0 (Windows NT 10.0; Win64; x64) AppleWebKit/537.36 (KHTML, like Gecko) Chrome/132.0.0.0 Safari/537.36"
2025-01-25 03:04:40 [INFO]: Обработчик истечения срока сделок запущен
2025-01-25 03:04:40 [INFO]: Server running on port 5000
2025-01-25 03:04:40 [INFO]: Подключено к MTT Network: MTT, Chain ID: 6880, Block: 6231306
2025-01-25 03:04:40 [INFO]: MongoDB connected
2025-01-25 03:04:41 [INFO]: Connected to Tron Network. Current block: 53914254
2025-01-25 03:04:42 [INFO]: 10.84.4.191 - - [25/Jan/2025:03:04:42 +0000] "GET / HTTP/1.1" 304 - "https://fd06ccd8-8d5e-4752-83cb-2cd7ca51f910-00-140sz8byw2s6v.pike.replit.dev/__replco/workspace_iframe.html?initialPath=%2F&id=%3Ar9v9%3A" "Mozilla/5.0 (Windows NT 10.0; Win64; x64) AppleWebKit/537.36 (KHTML, like Gecko) Chrome/132.0.0.0 Safari/537.36"
2025-01-25 03:05:41 [INFO]: Обработчик истечения срока сделок запущен
2025-01-25 03:05:41 [INFO]: Server running on port 5000
2025-01-25 03:05:41 [INFO]: Подключено к MTT Network: MTT, Chain ID: 6880, Block: 6231321
2025-01-25 03:05:41 [INFO]: MongoDB connected
2025-01-25 03:05:42 [INFO]: Connected to Tron Network. Current block: 53914274
2025-01-25 03:05:49 [INFO]: Обработчик истечения срока сделок запущен
2025-01-25 03:05:49 [INFO]: Server running on port 5000
2025-01-25 03:05:50 [INFO]: Подключено к MTT Network: MTT, Chain ID: 6880, Block: 6231323
2025-01-25 03:05:50 [INFO]: MongoDB connected
2025-01-25 03:05:50 [INFO]: Connected to Tron Network. Current block: 53914277
2025-01-25 03:05:52 [INFO]: 10.84.3.18 - - [25/Jan/2025:03:05:52 +0000] "GET / HTTP/1.1" 200 34 "https://fd06ccd8-8d5e-4752-83cb-2cd7ca51f910-00-140sz8byw2s6v.pike.replit.dev/__replco/workspace_iframe.html?initialPath=%2F&id=%3Ara01%3A" "Mozilla/5.0 (Windows NT 10.0; Win64; x64) AppleWebKit/537.36 (KHTML, like Gecko) Chrome/132.0.0.0 Safari/537.36"
2025-01-25 03:06:55 [INFO]: Обработчик истечения срока сделок запущен
2025-01-25 03:06:55 [INFO]: Server running on port 5000
2025-01-25 03:06:56 [INFO]: Подключено к MTT Network: MTT, Chain ID: 6880, Block: 6231339
2025-01-25 03:06:56 [INFO]: MongoDB connected
2025-01-25 03:06:56 [INFO]: Connected to Tron Network. Current block: 53914298
2025-01-25 03:06:58 [INFO]: 10.84.3.18 - - [25/Jan/2025:03:06:58 +0000] "GET / HTTP/1.1" 200 34 "https://fd06ccd8-8d5e-4752-83cb-2cd7ca51f910-00-140sz8byw2s6v.pike.replit.dev/__replco/workspace_iframe.html?initialPath=%2F&id=%3Ara0d%3A" "Mozilla/5.0 (Windows NT 10.0; Win64; x64) AppleWebKit/537.36 (KHTML, like Gecko) Chrome/132.0.0.0 Safari/537.36"
2025-01-25 03:07:05 [INFO]: Обработчик истечения срока сделок запущен
2025-01-25 03:07:05 [INFO]: Server running on port 5000
2025-01-25 03:07:05 [INFO]: Подключено к MTT Network: MTT, Chain ID: 6880, Block: 6231341
2025-01-25 03:07:05 [INFO]: MongoDB connected
2025-01-25 03:07:06 [INFO]: Connected to Tron Network. Current block: 53914301
2025-01-25 03:07:06 [INFO]: 10.84.6.55 - - [25/Jan/2025:03:07:06 +0000] "GET / HTTP/1.1" 200 34 "https://fd06ccd8-8d5e-4752-83cb-2cd7ca51f910-00-140sz8byw2s6v.pike.replit.dev/__replco/workspace_iframe.html?initialPath=%2F&id=%3Ara0r%3A" "Mozilla/5.0 (Windows NT 10.0; Win64; x64) AppleWebKit/537.36 (KHTML, like Gecko) Chrome/132.0.0.0 Safari/537.36"
2025-01-25 03:08:49 [INFO]: Обработчик истечения срока сделок запущен
2025-01-25 03:08:49 [INFO]: Server running on port 5000
2025-01-25 03:08:50 [INFO]: MongoDB connected
2025-01-25 03:08:50 [INFO]: Подключено к MTT Network: MTT, Chain ID: 6880, Block: 6231366
2025-01-25 03:08:50 [INFO]: Connected to Tron Network. Current block: 53914335
2025-01-25 03:08:52 [INFO]: 10.84.6.55 - - [25/Jan/2025:03:08:52 +0000] "GET / HTTP/1.1" 200 34 "https://fd06ccd8-8d5e-4752-83cb-2cd7ca51f910-00-140sz8byw2s6v.pike.replit.dev/__replco/workspace_iframe.html?initialPath=%2F&id=%3Ara17%3A" "Mozilla/5.0 (Windows NT 10.0; Win64; x64) AppleWebKit/537.36 (KHTML, like Gecko) Chrome/132.0.0.0 Safari/537.36"
2025-01-25 03:08:59 [INFO]: Обработчик истечения срока сделок запущен
2025-01-25 03:08:59 [INFO]: Server running on port 5000
2025-01-25 03:09:00 [INFO]: Подключено к MTT Network: MTT, Chain ID: 6880, Block: 6231369
2025-01-25 03:09:00 [INFO]: MongoDB connected
2025-01-25 03:09:00 [INFO]: Connected to Tron Network. Current block: 53914338
2025-01-25 03:09:01 [INFO]: 10.84.6.55 - - [25/Jan/2025:03:09:01 +0000] "GET / HTTP/1.1" 304 - "https://fd06ccd8-8d5e-4752-83cb-2cd7ca51f910-00-140sz8byw2s6v.pike.replit.dev/__replco/workspace_iframe.html?initialPath=%2F&id=%3Ara1l%3A" "Mozilla/5.0 (Windows NT 10.0; Win64; x64) AppleWebKit/537.36 (KHTML, like Gecko) Chrome/132.0.0.0 Safari/537.36"
2025-01-25 03:09:58 [INFO]: Обработчик истечения срока сделок запущен
2025-01-25 03:09:58 [INFO]: Server running on port 5000
2025-01-25 03:09:59 [INFO]: MongoDB connected
2025-01-25 03:09:59 [INFO]: Connected to Tron Network. Current block: 53914357
2025-01-25 03:10:00 [INFO]: Подключено к MTT Network: MTT, Chain ID: 6880, Block: 6231382
2025-01-25 03:10:00 [INFO]: 10.84.6.55 - - [25/Jan/2025:03:10:00 +0000] "GET / HTTP/1.1" 304 - "https://fd06ccd8-8d5e-4752-83cb-2cd7ca51f910-00-140sz8byw2s6v.pike.replit.dev/__replco/workspace_iframe.html?initialPath=%2F&id=%3Ara21%3A" "Mozilla/5.0 (Windows NT 10.0; Win64; x64) AppleWebKit/537.36 (KHTML, like Gecko) Chrome/132.0.0.0 Safari/537.36"
2025-01-25 03:10:09 [INFO]: Обработчик истечения срока сделок запущен
2025-01-25 03:10:09 [INFO]: Server running on port 5000
2025-01-25 03:10:09 [INFO]: MongoDB connected
2025-01-25 03:10:10 [INFO]: Подключено к MTT Network: MTT, Chain ID: 6880, Block: 6231383
2025-01-25 03:10:10 [INFO]: Connected to Tron Network. Current block: 53914358
2025-01-25 03:10:11 [INFO]: 10.84.6.55 - - [25/Jan/2025:03:10:11 +0000] "GET / HTTP/1.1" 304 - "https://fd06ccd8-8d5e-4752-83cb-2cd7ca51f910-00-140sz8byw2s6v.pike.replit.dev/__replco/workspace_iframe.html?initialPath=%2F&id=%3Ara2f%3A" "Mozilla/5.0 (Windows NT 10.0; Win64; x64) AppleWebKit/537.36 (KHTML, like Gecko) Chrome/132.0.0.0 Safari/537.36"
2025-01-25 03:12:14 [INFO]: Обработчик истечения срока сделок запущен
2025-01-25 03:12:14 [INFO]: Server running on port 5000
2025-01-25 03:12:15 [INFO]: MongoDB connected
2025-01-25 03:12:15 [INFO]: Подключено к MTT Network: MTT, Chain ID: 6880, Block: 6231414
2025-01-25 03:12:15 [INFO]: Connected to Tron Network. Current block: 53914399
2025-01-25 03:12:17 [INFO]: 10.84.6.55 - - [25/Jan/2025:03:12:17 +0000] "GET / HTTP/1.1" 304 - "https://fd06ccd8-8d5e-4752-83cb-2cd7ca51f910-00-140sz8byw2s6v.pike.replit.dev/__replco/workspace_iframe.html?initialPath=%2F&id=%3Ara2u%3A" "Mozilla/5.0 (Windows NT 10.0; Win64; x64) AppleWebKit/537.36 (KHTML, like Gecko) Chrome/132.0.0.0 Safari/537.36"
2025-01-25 03:12:26 [INFO]: Обработчик истечения срока сделок запущен
2025-01-25 03:12:26 [INFO]: Server running on port 5000
2025-01-25 03:12:26 [INFO]: Подключено к MTT Network: MTT, Chain ID: 6880, Block: 6231418
2025-01-25 03:12:27 [INFO]: MongoDB connected
2025-01-25 03:12:27 [INFO]: Connected to Tron Network. Current block: 53914402
2025-01-25 03:17:59 [INFO]: Обработчик истечения срока сделок запущен
2025-01-25 03:17:59 [INFO]: Server running on port 5000
2025-01-25 03:18:00 [INFO]: Подключено к MTT Network: MTT, Chain ID: 6880, Block: 6231494
2025-01-25 03:18:00 [INFO]: MongoDB connected
2025-01-25 03:18:00 [INFO]: Connected to Tron Network. Current block: 53914509
2025-01-25 03:18:04 [INFO]: Обработчик истечения срока сделок запущен
2025-01-25 03:18:04 [INFO]: Server running on port 5000
2025-01-25 03:18:05 [INFO]: Подключено к MTT Network: MTT, Chain ID: 6880, Block: 6231495
2025-01-25 03:18:05 [INFO]: MongoDB connected
2025-01-25 03:18:05 [INFO]: Connected to Tron Network. Current block: 53914511
2025-01-25 03:18:06 [INFO]: [0mGET / [33m404[0m 6.512 ms - 44[0m
2025-01-25 03:19:45 [INFO]: Обработчик истечения срока сделок запущен
2025-01-25 03:19:45 [INFO]: Server running on port 5000
2025-01-25 03:19:45 [INFO]: Подключено к MTT Network: MTT, Chain ID: 6880, Block: 6231519
2025-01-25 03:19:45 [INFO]: MongoDB connected
2025-01-25 03:19:46 [INFO]: Connected to Tron Network. Current block: 53914543
2025-01-25 03:20:11 [INFO]: Обработчик истечения срока сделок запущен
2025-01-25 03:20:11 [INFO]: Server running on port 5000
2025-01-25 03:20:11 [INFO]: MongoDB connected
2025-01-25 03:20:11 [INFO]: Подключено к MTT Network: MTT, Chain ID: 6880, Block: 6231525
2025-01-25 03:20:12 [INFO]: Connected to Tron Network. Current block: 53914552
2025-01-25 03:20:13 [INFO]: [0mGET / [33m404[0m 3.535 ms - 44[0m
2025-01-25 03:23:10 [INFO]: Обработчик истечения срока сделок запущен
2025-01-25 03:23:10 [INFO]: Server running on port 5000
2025-01-25 03:23:11 [INFO]: Подключено к MTT Network: MTT, Chain ID: 6880, Block: 6231568
2025-01-25 03:23:11 [INFO]: MongoDB connected
2025-01-25 03:23:11 [INFO]: Connected to Tron Network. Current block: 53914609
2025-01-25 03:23:15 [INFO]: Обработчик истечения срока сделок запущен
2025-01-25 03:23:15 [INFO]: Server running on port 5000
2025-01-25 03:23:16 [INFO]: MongoDB connected
2025-01-25 03:23:16 [INFO]: Подключено к MTT Network: MTT, Chain ID: 6880, Block: 6231569
2025-01-25 03:23:16 [INFO]: Connected to Tron Network. Current block: 53914611
2025-01-25 03:23:16 [INFO]: [0mGET / [33m404[0m 2.796 ms - 44[0m
2025-01-25 03:35:38 [INFO]: Обработчик истечения срока сделок запущен
2025-01-25 03:35:38 [INFO]: Server running on port 5000
2025-01-25 03:35:39 [INFO]: Подключено к MTT Network: MTT, Chain ID: 6880, Block: 6231745
2025-01-25 03:35:39 [INFO]: MongoDB connected
2025-01-25 03:35:39 [INFO]: Connected to Tron Network. Current block: 53914849
2025-01-25 03:35:41 [INFO]: [0mGET / [33m404[0m 3.024 ms - 44[0m
2025-01-25 03:35:44 [INFO]: Обработчик истечения срока сделок запущен
2025-01-25 03:35:44 [INFO]: Server running on port 5000
2025-01-25 03:35:44 [INFO]: MongoDB connected
2025-01-25 03:35:45 [INFO]: Подключено к MTT Network: MTT, Chain ID: 6880, Block: 6231746
2025-01-25 03:35:45 [INFO]: Connected to Tron Network. Current block: 53914851
2025-01-25 03:35:45 [INFO]: [0mGET / [33m404[0m 2.954 ms - 44[0m
2025-01-25 03:38:30 [INFO]: Обработчик истечения срока сделок запущен
2025-01-25 03:38:30 [INFO]: Server running on port 5000
2025-01-25 03:38:30 [INFO]: MongoDB connected
2025-01-25 03:38:30 [INFO]: Подключено к MTT Network: MTT, Chain ID: 6880, Block: 6231787
2025-01-25 03:38:31 [INFO]: Connected to Tron Network. Current block: 53914904
2025-01-25 03:38:33 [INFO]: [0mGET / [33m404[0m 3.015 ms - 44[0m
2025-01-25 03:38:37 [INFO]: Обработчик истечения срока сделок запущен
2025-01-25 03:38:37 [INFO]: Server running on port 5000
2025-01-25 03:38:38 [INFO]: Подключено к MTT Network: MTT, Chain ID: 6880, Block: 6231788
2025-01-25 03:38:38 [INFO]: MongoDB connected
2025-01-25 03:38:39 [INFO]: Connected to Tron Network. Current block: 53914907
2025-01-25 03:38:39 [INFO]: [0mGET / [33m404[0m 2.989 ms - 44[0m
2025-01-25 03:40:21 [INFO]: Обработчик истечения срока сделок запущен
2025-01-25 03:40:21 [INFO]: Server running on port 5000
2025-01-25 03:40:21 [INFO]: Подключено к MTT Network: MTT, Chain ID: 6880, Block: 6231813
2025-01-25 03:40:22 [INFO]: MongoDB connected
2025-01-25 03:40:22 [INFO]: Connected to Tron Network. Current block: 53914938
2025-01-25 03:40:24 [INFO]: [0mGET / [33m404[0m 3.146 ms - 44[0m
2025-01-25 03:40:30 [INFO]: Обработчик истечения срока сделок запущен
2025-01-25 03:40:30 [INFO]: Server running on port 5000
2025-01-25 03:40:31 [INFO]: Подключено к MTT Network: MTT, Chain ID: 6880, Block: 6231815
2025-01-25 03:40:31 [INFO]: MongoDB connected
2025-01-25 03:40:31 [INFO]: Connected to Tron Network. Current block: 53914941
2025-01-25 03:40:33 [INFO]: [0mGET / [33m404[0m 2.709 ms - 44[0m
2025-01-25 03:48:44 [INFO]: Обработчик истечения срока сделок запущен
2025-01-25 03:48:44 [INFO]: Server running on port 5000
2025-01-25 03:48:45 [INFO]: MongoDB connected
2025-01-25 03:48:45 [INFO]: Подключено к MTT Network: MTT, Chain ID: 6880, Block: 6231931
2025-01-25 03:48:45 [INFO]: Connected to Tron Network. Current block: 53915099
2025-01-25 03:48:48 [INFO]: [0mGET / [33m404[0m 3.448 ms - 44[0m
2025-01-25 04:02:13 [INFO]: Обработчик истечения срока сделок запущен
2025-01-25 04:02:13 [INFO]: Server running on port 5000
2025-01-25 04:02:13 [INFO]: MongoDB connected
2025-01-25 04:02:14 [INFO]: Подключено к MTT Network: MTT, Chain ID: 6880, Block: 6232098
2025-01-25 04:02:14 [INFO]: Connected to Tron Network. Current block: 53915358
2025-01-25 04:03:38 [INFO]: Обработчик истечения срока сделок запущен
2025-01-25 04:03:38 [INFO]: Server running on port 5000
2025-01-25 04:03:39 [INFO]: MongoDB connected
2025-01-25 04:03:39 [INFO]: Подключено к MTT Network: MTT, Chain ID: 6880, Block: 6232114
2025-01-25 04:03:39 [INFO]: Connected to Tron Network. Current block: 53915386
2025-01-25 04:03:40 [INFO]: [0mGET / [33m404[0m 2.648 ms - 44[0m
2025-01-25 04:04:07 [INFO]: [0mGET / [33m404[0m 0.733 ms - 44[0m
2025-01-25 04:04:44 [INFO]: Обработчик истечения срока сделок запущен
2025-01-25 04:04:44 [INFO]: Server running on port 5000
2025-01-25 04:04:44 [INFO]: MongoDB connected
2025-01-25 04:04:45 [INFO]: Подключено к MTT Network: MTT, Chain ID: 6880, Block: 6232126
2025-01-25 04:04:45 [INFO]: Connected to Tron Network. Current block: 53915408
2025-01-25 04:04:46 [INFO]: [0mGET / [33m404[0m 3.258 ms - 44[0m
2025-01-25 04:08:31 [INFO]: Обработчик истечения срока сделок запущен
2025-01-25 04:08:31 [INFO]: Server running on port 5000
2025-01-25 04:08:32 [INFO]: Подключено к MTT Network: MTT, Chain ID: 6880, Block: 6232166
2025-01-25 04:08:32 [INFO]: MongoDB connected
2025-01-25 04:08:32 [INFO]: Connected to Tron Network. Current block: 53915481
2025-01-25 04:08:34 [INFO]: [0mGET / [33m404[0m 3.833 ms - 44[0m
2025-01-25 04:09:44 [INFO]: [0mGET / [33m404[0m 0.609 ms - 44[0m
2025-01-25 04:10:24 [INFO]: Обработчик истечения срока сделок запущен
2025-01-25 04:10:24 [INFO]: Server running on port 5000
2025-01-25 04:10:24 [INFO]: MongoDB connected
2025-01-25 04:10:25 [INFO]: Подключено к MTT Network: MTT, Chain ID: 6880, Block: 6232184
2025-01-25 04:10:25 [INFO]: Connected to Tron Network. Current block: 53915515
2025-01-25 04:10:25 [INFO]: [0mGET / [33m404[0m 3.258 ms - 44[0m
2025-01-25 04:13:24 [INFO]: [0mGET / [33m404[0m 0.728 ms - 44[0m
2025-01-25 04:13:37 [INFO]: Обработчик истечения срока сделок запущен
2025-01-25 04:13:37 [INFO]: Server running on port 5000
2025-01-25 04:13:37 [ERROR]: Ошибка аутентификации WebSocket: jwt malformed
2025-01-25 04:13:37 [INFO]: MongoDB connected
2025-01-25 04:13:38 [INFO]: Connected to Tron Network. Current block: 53915576
2025-01-25 04:13:38 [INFO]: Подключено к MTT Network: MTT, Chain ID: 6880, Block: 6232218
2025-01-25 04:13:39 [INFO]: [0mGET / [33m404[0m 2.624 ms - 44[0m
2025-01-25 04:13:42 [ERROR]: Ошибка аутентификации WebSocket: jwt malformed
2025-01-25 04:13:47 [ERROR]: Ошибка аутентификации WebSocket: jwt malformed
2025-01-25 04:13:52 [ERROR]: Ошибка аутентификации WebSocket: jwt malformed
2025-01-25 04:13:58 [ERROR]: Ошибка аутентификации WebSocket: jwt malformed
2025-01-25 04:14:03 [ERROR]: Ошибка аутентификации WebSocket: jwt malformed
2025-01-25 04:14:08 [ERROR]: Ошибка аутентификации WebSocket: jwt malformed
2025-01-25 04:14:14 [ERROR]: Ошибка аутентификации WebSocket: jwt malformed
2025-01-25 04:14:19 [ERROR]: Ошибка аутентификации WebSocket: jwt malformed
2025-01-25 04:14:24 [ERROR]: Ошибка аутентификации WebSocket: jwt malformed
2025-01-25 04:14:30 [ERROR]: Ошибка аутентификации WebSocket: jwt malformed
2025-01-25 04:14:36 [ERROR]: Ошибка аутентификации WebSocket: jwt malformed
2025-01-25 04:14:38 [INFO]: Обработчик истечения срока сделок запущен
2025-01-25 04:14:38 [INFO]: Server running on port 5000
2025-01-25 04:14:39 [INFO]: Подключено к MTT Network: MTT, Chain ID: 6880, Block: 6232231
2025-01-25 04:14:39 [INFO]: MongoDB connected
2025-01-25 04:14:39 [INFO]: Connected to Tron Network. Current block: 53915596
2025-01-25 04:14:41 [INFO]: [0mGET / [33m404[0m 3.318 ms - 44[0m
2025-01-25 04:14:43 [ERROR]: Ошибка аутентификации WebSocket: jwt malformed
2025-01-25 04:14:49 [ERROR]: Ошибка аутентификации WebSocket: jwt malformed
2025-01-25 04:14:54 [ERROR]: Ошибка аутентификации WebSocket: jwt malformed
2025-01-25 04:15:00 [ERROR]: Ошибка аутентификации WebSocket: jwt malformed
2025-01-25 04:15:07 [INFO]: Обработчик истечения срока сделок запущен
2025-01-25 04:15:07 [INFO]: Server running on port 5000
2025-01-25 04:15:07 [INFO]: Подключено к MTT Network: MTT, Chain ID: 6880, Block: 6232237
2025-01-25 04:15:07 [INFO]: MongoDB connected
2025-01-25 04:15:08 [INFO]: Connected to Tron Network. Current block: 53915606
2025-01-25 04:15:08 [INFO]: [0mGET / [33m404[0m 3.208 ms - 44[0m
2025-01-25 04:15:12 [ERROR]: Ошибка аутентификации WebSocket: jwt malformed
2025-01-25 04:15:17 [ERROR]: Ошибка аутентификации WebSocket: jwt malformed
2025-01-25 04:15:23 [ERROR]: Ошибка аутентификации WebSocket: jwt malformed
2025-01-25 04:15:29 [ERROR]: Ошибка аутентификации WebSocket: jwt malformed
2025-01-25 04:15:34 [ERROR]: Ошибка аутентификации WebSocket: jwt malformed
2025-01-25 04:15:39 [ERROR]: Ошибка аутентификации WebSocket: jwt malformed
2025-01-25 04:15:44 [ERROR]: Ошибка аутентификации WebSocket: jwt malformed
2025-01-25 04:15:49 [ERROR]: Ошибка аутентификации WebSocket: jwt malformed
2025-01-25 04:15:54 [ERROR]: Ошибка аутентификации WebSocket: jwt malformed
2025-01-25 04:15:59 [ERROR]: Ошибка аутентификации WebSocket: jwt malformed
2025-01-25 04:16:04 [ERROR]: Ошибка аутентификации WebSocket: jwt malformed
2025-01-25 04:17:53 [INFO]: Обработчик истечения срока сделок запущен
2025-01-25 04:17:53 [INFO]: Server running on port 5000
2025-01-25 04:17:54 [INFO]: MongoDB connected
2025-01-25 04:17:54 [INFO]: Connected to Tron Network. Current block: 53915659
2025-01-25 04:17:55 [INFO]: Подключено к MTT Network: MTT, Chain ID: 6880, Block: 6232274
2025-01-25 04:17:56 [INFO]: [0mGET / [33m404[0m 4.208 ms - 44[0m
2025-01-25 04:18:00 [ERROR]: Ошибка аутентификации WebSocket: jwt malformed
2025-01-25 04:18:23 [INFO]: Обработчик истечения срока сделок запущен
2025-01-25 04:18:23 [INFO]: Server running on port 5000
2025-01-25 04:18:23 [INFO]: MongoDB connected
2025-01-25 04:18:24 [INFO]: Подключено к MTT Network: MTT, Chain ID: 6880, Block: 6232281
2025-01-25 04:18:24 [INFO]: Connected to Tron Network. Current block: 53915668
2025-01-25 04:18:24 [INFO]: [0mGET / [33m404[0m 3.058 ms - 44[0m
2025-01-25 04:18:27 [ERROR]: Ошибка аутентификации WebSocket: jwt malformed
2025-01-25 04:18:33 [ERROR]: Ошибка аутентификации WebSocket: jwt malformed
2025-01-25 04:18:39 [ERROR]: Ошибка аутентификации WebSocket: jwt malformed
2025-01-25 04:18:44 [ERROR]: Ошибка аутентификации WebSocket: jwt malformed
2025-01-25 04:18:49 [ERROR]: Ошибка аутентификации WebSocket: jwt malformed
2025-01-25 04:18:54 [ERROR]: Ошибка аутентификации WebSocket: jwt malformed
2025-01-25 04:19:00 [ERROR]: Ошибка аутентификации WebSocket: jwt malformed
2025-01-25 04:19:05 [ERROR]: Ошибка аутентификации WebSocket: jwt malformed
2025-01-25 04:19:10 [ERROR]: Ошибка аутентификации WebSocket: jwt malformed
2025-01-25 04:19:15 [ERROR]: Ошибка аутентификации WebSocket: jwt malformed
2025-01-25 04:19:20 [ERROR]: Ошибка аутентификации WebSocket: jwt malformed
2025-01-25 04:19:56 [INFO]: Обработчик истечения срока сделок запущен
2025-01-25 04:19:56 [INFO]: Server running on port 5000
2025-01-25 04:19:56 [INFO]: MongoDB connected
2025-01-25 04:19:56 [INFO]: Подключено к MTT Network: MTT, Chain ID: 6880, Block: 6232302
2025-01-25 04:19:57 [INFO]: Connected to Tron Network. Current block: 53915698
2025-01-25 04:19:58 [INFO]: [0mGET / [33m404[0m 2.868 ms - 44[0m
2025-01-25 04:20:02 [ERROR]: Ошибка аутентификации WebSocket: jwt malformed
2025-01-25 04:20:31 [INFO]: Обработчик истечения срока сделок запущен
2025-01-25 04:20:31 [INFO]: Server running on port 5000
2025-01-25 04:20:32 [INFO]: MongoDB connected
2025-01-25 04:20:32 [INFO]: Подключено к MTT Network: MTT, Chain ID: 6880, Block: 6232310
2025-01-25 04:20:32 [ERROR]: Ошибка аутентификации WebSocket: jwt malformed
2025-01-25 04:20:32 [INFO]: Connected to Tron Network. Current block: 53915710
2025-01-25 04:20:32 [INFO]: [0mGET / [33m404[0m 3.912 ms - 44[0m
2025-01-25 04:20:38 [ERROR]: Ошибка аутентификации WebSocket: jwt malformed
2025-01-25 04:20:43 [ERROR]: Ошибка аутентификации WebSocket: jwt malformed
2025-01-25 04:20:49 [ERROR]: Ошибка аутентификации WebSocket: jwt malformed
2025-01-25 04:20:54 [ERROR]: Ошибка аутентификации WebSocket: jwt malformed
2025-01-25 04:20:59 [ERROR]: Ошибка аутентификации WebSocket: jwt malformed
2025-01-25 04:21:04 [ERROR]: Ошибка аутентификации WebSocket: jwt malformed
2025-01-25 04:21:10 [ERROR]: Ошибка аутентификации WebSocket: jwt malformed
2025-01-25 04:21:15 [ERROR]: Ошибка аутентификации WebSocket: jwt malformed
2025-01-25 04:21:20 [ERROR]: Ошибка аутентификации WebSocket: jwt malformed
2025-01-25 04:21:25 [ERROR]: Ошибка аутентификации WebSocket: jwt malformed
2025-01-25 04:21:30 [ERROR]: Ошибка аутентификации WebSocket: jwt malformed
2025-01-25 04:21:35 [ERROR]: Ошибка аутентификации WebSocket: jwt malformed
2025-01-25 04:21:40 [ERROR]: Ошибка аутентификации WebSocket: jwt malformed
2025-01-25 04:21:45 [ERROR]: Ошибка аутентификации WebSocket: jwt malformed
2025-01-25 04:21:50 [ERROR]: Ошибка аутентификации WebSocket: jwt malformed
2025-01-25 04:21:55 [INFO]: Обработчик истечения срока сделок запущен
2025-01-25 04:21:55 [INFO]: Server running on port 5000
2025-01-25 04:21:55 [INFO]: MongoDB connected
2025-01-25 04:21:55 [INFO]: Подключено к MTT Network: MTT, Chain ID: 6880, Block: 6232330
2025-01-25 04:21:56 [ERROR]: Ошибка аутентификации WebSocket: tokenValue is not defined
2025-01-25 04:21:56 [INFO]: Connected to Tron Network. Current block: 53915737
2025-01-25 04:21:57 [INFO]: [0mGET / [33m404[0m 3.142 ms - 44[0m
2025-01-25 04:22:00 [ERROR]: Ошибка аутентификации WebSocket: tokenValue is not defined
2025-01-25 04:22:06 [ERROR]: Ошибка аутентификации WebSocket: tokenValue is not defined
2025-01-25 04:22:12 [ERROR]: Ошибка аутентификации WebSocket: tokenValue is not defined
2025-01-25 04:22:27 [INFO]: Обработчик истечения срока сделок запущен
2025-01-25 04:22:27 [INFO]: Server running on port 5000
2025-01-25 04:22:28 [INFO]: Подключено к MTT Network: MTT, Chain ID: 6880, Block: 6232338
2025-01-25 04:22:28 [INFO]: MongoDB connected
2025-01-25 04:22:28 [INFO]: Connected to Tron Network. Current block: 53915746
2025-01-25 04:22:29 [INFO]: [0mGET / [33m404[0m 4.264 ms - 44[0m
2025-01-25 04:22:32 [ERROR]: Ошибка аутентификации WebSocket: tokenValue is not defined
2025-01-25 04:22:38 [ERROR]: Ошибка аутентификации WebSocket: tokenValue is not defined
2025-01-25 04:22:44 [ERROR]: Ошибка аутентификации WebSocket: tokenValue is not defined
2025-01-25 04:22:49 [ERROR]: Ошибка аутентификации WebSocket: tokenValue is not defined
2025-01-25 04:22:54 [ERROR]: Ошибка аутентификации WebSocket: tokenValue is not defined
2025-01-25 04:23:00 [ERROR]: Ошибка аутентификации WebSocket: tokenValue is not defined
2025-01-25 04:23:05 [ERROR]: Ошибка аутентификации WebSocket: tokenValue is not defined
2025-01-25 04:23:11 [ERROR]: Ошибка аутентификации WebSocket: tokenValue is not defined
2025-01-25 04:23:16 [ERROR]: Ошибка аутентификации WebSocket: tokenValue is not defined
2025-01-25 04:23:22 [ERROR]: Ошибка аутентификации WebSocket: tokenValue is not defined
2025-01-25 04:23:28 [ERROR]: Ошибка аутентификации WebSocket: tokenValue is not defined
2025-01-25 04:23:33 [ERROR]: Ошибка аутентификации WebSocket: tokenValue is not defined
2025-01-25 04:23:39 [ERROR]: Ошибка аутентификации WebSocket: tokenValue is not defined
2025-01-25 04:23:44 [ERROR]: Ошибка аутентификации WebSocket: tokenValue is not defined
2025-01-25 04:23:45 [INFO]: Обработчик истечения срока сделок запущен
2025-01-25 04:23:45 [INFO]: Server running on port 5000
2025-01-25 04:23:46 [INFO]: MongoDB connected
2025-01-25 04:23:46 [INFO]: Подключено к MTT Network: MTT, Chain ID: 6880, Block: 6232356
2025-01-25 04:23:46 [INFO]: Connected to Tron Network. Current block: 53915772
2025-01-25 04:23:47 [INFO]: [0mGET / [33m404[0m 2.677 ms - 44[0m
2025-01-25 04:23:52 [ERROR]: Ошибка аутентификации WebSocket: jwt malformed
2025-01-25 04:23:58 [ERROR]: Ошибка аутентификации WebSocket: jwt malformed
2025-01-25 04:24:18 [INFO]: Обработчик истечения срока сделок запущен
2025-01-25 04:24:18 [INFO]: Server running on port 5000
2025-01-25 04:24:19 [INFO]: MongoDB connected
2025-01-25 04:24:19 [INFO]: Подключено к MTT Network: MTT, Chain ID: 6880, Block: 6232364
2025-01-25 04:24:19 [INFO]: Connected to Tron Network. Current block: 53915783
2025-01-25 04:24:20 [INFO]: [0mGET / [33m404[0m 7.212 ms - 44[0m
2025-01-25 04:24:23 [ERROR]: Ошибка аутентификации WebSocket: jwt malformed
2025-01-25 04:24:29 [ERROR]: Ошибка аутентификации WebSocket: jwt malformed
2025-01-25 04:24:34 [ERROR]: Ошибка аутентификации WebSocket: jwt malformed
2025-01-25 04:24:39 [ERROR]: Ошибка аутентификации WebSocket: jwt malformed
2025-01-25 04:25:42 [ERROR]: Ошибка аутентификации WebSocket: jwt malformed
2025-01-25 04:25:48 [ERROR]: Ошибка аутентификации WebSocket: jwt malformed
2025-01-25 04:25:54 [ERROR]: Ошибка аутентификации WebSocket: jwt malformed
2025-01-25 04:26:00 [ERROR]: Ошибка аутентификации WebSocket: jwt malformed
2025-01-25 04:26:06 [ERROR]: Ошибка аутентификации WebSocket: jwt malformed
2025-01-25 04:26:11 [ERROR]: Ошибка аутентификации WebSocket: jwt malformed
2025-01-25 04:26:17 [ERROR]: Ошибка аутентификации WebSocket: jwt malformed
2025-01-25 04:26:22 [ERROR]: Ошибка аутентификации WebSocket: jwt malformed
2025-01-25 04:26:28 [ERROR]: Ошибка аутентификации WebSocket: jwt malformed
2025-01-25 04:26:34 [ERROR]: Ошибка аутентификации WebSocket: jwt malformed
2025-01-25 04:26:39 [ERROR]: Ошибка аутентификации WebSocket: jwt malformed
2025-01-25 04:26:45 [ERROR]: Ошибка аутентификации WebSocket: jwt malformed
2025-01-25 04:26:51 [ERROR]: Ошибка аутентификации WebSocket: jwt malformed
2025-01-25 04:26:56 [ERROR]: Ошибка аутентификации WebSocket: jwt malformed
2025-01-25 04:27:02 [ERROR]: Ошибка аутентификации WebSocket: jwt malformed
2025-01-25 04:27:08 [ERROR]: Ошибка аутентификации WebSocket: jwt malformed
2025-01-25 04:27:14 [ERROR]: Ошибка аутентификации WebSocket: jwt malformed
2025-01-25 04:27:19 [ERROR]: Ошибка аутентификации WebSocket: jwt malformed
2025-01-25 04:27:25 [ERROR]: Ошибка аутентификации WebSocket: jwt malformed
2025-01-25 04:27:31 [ERROR]: Ошибка аутентификации WebSocket: jwt malformed
2025-01-25 04:27:36 [ERROR]: Ошибка аутентификации WebSocket: jwt malformed
2025-01-25 04:27:42 [ERROR]: Ошибка аутентификации WebSocket: jwt malformed
2025-01-25 04:27:48 [ERROR]: Ошибка аутентификации WebSocket: jwt malformed
2025-01-25 04:27:53 [ERROR]: Ошибка аутентификации WebSocket: jwt malformed
2025-01-25 04:27:59 [ERROR]: Ошибка аутентификации WebSocket: jwt malformed
2025-01-25 04:28:04 [ERROR]: Ошибка аутентификации WebSocket: jwt malformed
2025-01-25 04:28:10 [ERROR]: Ошибка аутентификации WebSocket: jwt malformed
2025-01-25 04:28:16 [ERROR]: Ошибка аутентификации WebSocket: jwt malformed
2025-01-25 04:28:21 [ERROR]: Ошибка аутентификации WebSocket: jwt malformed
2025-01-25 04:28:27 [ERROR]: Ошибка аутентификации WebSocket: jwt malformed
2025-01-25 04:28:32 [ERROR]: Ошибка аутентификации WebSocket: jwt malformed
2025-01-25 04:28:37 [INFO]: Обработчик истечения срока сделок запущен
2025-01-25 04:28:37 [INFO]: Server running on port 5000
2025-01-25 04:28:37 [INFO]: MongoDB connected
2025-01-25 04:28:37 [INFO]: Подключено к MTT Network: MTT, Chain ID: 6880, Block: 6232425
2025-01-25 04:28:38 [INFO]: Connected to Tron Network. Current block: 53915866
2025-01-25 04:28:39 [INFO]: [0mGET / [33m404[0m 2.939 ms - 44[0m
2025-01-25 04:29:14 [INFO]: Обработчик истечения срока сделок запущен
2025-01-25 04:29:14 [INFO]: Server running on port 5000
2025-01-25 04:29:15 [INFO]: Подключено к MTT Network: MTT, Chain ID: 6880, Block: 6232434
2025-01-25 04:29:15 [INFO]: MongoDB connected
2025-01-25 04:29:15 [INFO]: Connected to Tron Network. Current block: 53915877
2025-01-25 04:29:16 [INFO]: [0mGET / [33m404[0m 3.282 ms - 44[0m
2025-01-25 04:31:29 [INFO]: MongoDB disconnected
2025-01-25 04:32:30 [INFO]: Обработчик истечения срока сделок запущен
2025-01-25 04:32:30 [INFO]: Server running on port 5000
2025-01-25 04:32:31 [INFO]: MongoDB connected
2025-01-25 04:32:31 [INFO]: Подключено к MTT Network: MTT, Chain ID: 6880, Block: 6232480
2025-01-25 04:32:31 [INFO]: Connected to Tron Network. Current block: 53915940
2025-01-25 04:32:33 [INFO]: [0mGET / [33m404[0m 2.890 ms - 44[0m
2025-01-25 04:34:22 [INFO]: [0mGET / [33m404[0m 0.918 ms - 44[0m
2025-01-25 04:34:23 [INFO]: [0mGET / [33m404[0m 0.605 ms - 44[0m
2025-01-25 04:35:00 [INFO]: Обработчик истечения срока сделок запущен
2025-01-25 04:35:00 [INFO]: Server running on port 5000
2025-01-25 04:35:01 [INFO]: MongoDB connected
2025-01-25 04:35:01 [INFO]: Подключено к MTT Network: MTT, Chain ID: 6880, Block: 6232516
2025-01-25 04:35:01 [INFO]: Connected to Tron Network. Current block: 53915988
2025-01-25 04:35:01 [INFO]: [0mGET / [33m404[0m 2.734 ms - 44[0m
2025-01-25 04:36:15 [INFO]: [0mGET / [33m404[0m 0.749 ms - 44[0m
2025-01-25 04:36:49 [INFO]: Обработчик истечения срока сделок запущен
2025-01-25 04:36:49 [INFO]: Server running on port 5000
2025-01-25 04:36:49 [INFO]: MongoDB connected
2025-01-25 04:36:50 [INFO]: Connected to Tron Network. Current block: 53916024
2025-01-25 04:36:50 [INFO]: Подключено к MTT Network: MTT, Chain ID: 6880, Block: 6232542
2025-01-25 04:36:51 [INFO]: [0mGET / [33m404[0m 2.650 ms - 44[0m
2025-01-25 04:39:22 [INFO]: [0mGET / [33m404[0m 0.659 ms - 44[0m
2025-01-25 04:39:55 [INFO]: Обработчик истечения срока сделок запущен
2025-01-25 04:39:55 [INFO]: Server running on port 5000
2025-01-25 04:39:56 [INFO]: MongoDB connected
2025-01-25 04:39:56 [INFO]: Подключено к MTT Network: MTT, Chain ID: 6880, Block: 6232587
2025-01-25 04:39:56 [INFO]: Connected to Tron Network. Current block: 53916084
2025-01-25 04:39:57 [INFO]: [0mGET / [33m404[0m 2.869 ms - 44[0m
2025-01-25 04:40:48 [INFO]: Обработчик истечения срока сделок запущен
2025-01-25 04:40:48 [INFO]: Server running on port 5000
2025-01-25 04:40:49 [INFO]: MongoDB connected
2025-01-25 04:40:49 [INFO]: Подключено к MTT Network: MTT, Chain ID: 6880, Block: 6232600
2025-01-25 04:40:49 [INFO]: Connected to Tron Network. Current block: 53916099
2025-01-25 04:40:50 [INFO]: [0mGET / [33m404[0m 2.693 ms - 44[0m
2025-01-25 04:41:43 [INFO]: Обработчик истечения срока сделок запущен
2025-01-25 04:41:43 [INFO]: Server running on port 5000
2025-01-25 04:41:43 [INFO]: MongoDB connected
2025-01-25 04:41:44 [INFO]: Подключено к MTT Network: MTT, Chain ID: 6880, Block: 6232613
2025-01-25 04:41:44 [INFO]: Connected to Tron Network. Current block: 53916115
2025-01-25 04:41:44 [INFO]: [0mGET / [33m404[0m 2.924 ms - 44[0m
2025-01-25 04:46:29 [INFO]: [0mGET / [33m404[0m 0.709 ms - 44[0m
2025-01-25 04:46:40 [INFO]: Обработчик истечения срока сделок запущен
2025-01-25 04:46:40 [INFO]: Server running on port 5000
2025-01-25 04:46:41 [INFO]: Подключено к MTT Network: MTT, Chain ID: 6880, Block: 6232680
2025-01-25 04:46:41 [INFO]: MongoDB connected
2025-01-25 04:46:41 [INFO]: Connected to Tron Network. Current block: 53916212
2025-01-25 04:46:43 [INFO]: [0mGET / [33m404[0m 2.840 ms - 44[0m
2025-01-25 04:48:56 [INFO]: Обработчик истечения срока сделок запущен
2025-01-25 04:48:56 [INFO]: Server running on port 5000
2025-01-25 04:48:56 [INFO]: MongoDB connected
2025-01-25 04:48:56 [INFO]: Подключено к MTT Network: MTT, Chain ID: 6880, Block: 6232710
2025-01-25 04:48:57 [INFO]: Connected to Tron Network. Current block: 53916255
2025-01-25 04:48:58 [INFO]: [0mGET / [33m404[0m 3.079 ms - 44[0m
2025-01-25 04:49:06 [INFO]: Обработчик истечения срока сделок запущен
2025-01-25 04:49:06 [INFO]: Server running on port 5000
2025-01-25 04:49:06 [INFO]: Подключено к MTT Network: MTT, Chain ID: 6880, Block: 6232713
2025-01-25 04:49:07 [INFO]: MongoDB connected
2025-01-25 04:49:07 [INFO]: Connected to Tron Network. Current block: 53916258
2025-01-25 04:49:08 [INFO]: [0mGET / [33m404[0m 2.876 ms - 44[0m
2025-01-25 04:50:44 [INFO]: Обработчик истечения срока сделок запущен
2025-01-25 04:50:44 [INFO]: Server running on port 5000
2025-01-25 04:50:44 [INFO]: MongoDB connected
2025-01-25 04:50:44 [INFO]: Подключено к MTT Network: MTT, Chain ID: 6880, Block: 6232735
2025-01-25 04:50:45 [INFO]: Connected to Tron Network. Current block: 53916290
2025-01-25 04:50:54 [INFO]: Обработчик истечения срока сделок запущен
2025-01-25 04:50:54 [INFO]: Server running on port 5000
2025-01-25 04:50:55 [INFO]: MongoDB connected
2025-01-25 04:50:55 [INFO]: Подключено к MTT Network: MTT, Chain ID: 6880, Block: 6232738
2025-01-25 04:50:55 [INFO]: Connected to Tron Network. Current block: 53916292
2025-01-25 04:50:56 [INFO]: [0mGET / [33m404[0m 4.891 ms - 44[0m
2025-01-25 04:53:25 [INFO]: Обработчик истечения срока сделок запущен
2025-01-25 04:53:25 [INFO]: Server running on port 5000
2025-01-25 04:53:26 [INFO]: Подключено к MTT Network: MTT, Chain ID: 6880, Block: 6232773
2025-01-25 04:53:26 [INFO]: MongoDB connected
2025-01-25 04:53:26 [INFO]: Connected to Tron Network. Current block: 53916342
2025-01-25 04:53:26 [INFO]: [0mGET / [33m404[0m 2.671 ms - 44[0m
2025-01-25 04:53:41 [INFO]: Обработчик истечения срока сделок запущен
2025-01-25 04:53:41 [INFO]: Server running on port 5000
2025-01-25 04:53:41 [INFO]: MongoDB connected
2025-01-25 04:53:41 [INFO]: Подключено к MTT Network: MTT, Chain ID: 6880, Block: 6232776
2025-01-25 04:53:42 [INFO]: Connected to Tron Network. Current block: 53916346
2025-01-25 04:53:43 [INFO]: [0mGET / [33m404[0m 2.660 ms - 44[0m
2025-01-25 04:55:58 [INFO]: Обработчик истечения срока сделок запущен
2025-01-25 04:55:58 [INFO]: Server running on port 5000
2025-01-25 04:55:58 [INFO]: Подключено к MTT Network: MTT, Chain ID: 6880, Block: 6232809
2025-01-25 04:55:58 [INFO]: MongoDB connected
2025-01-25 04:55:59 [INFO]: Connected to Tron Network. Current block: 53916390
2025-01-25 04:56:14 [INFO]: Обработчик истечения срока сделок запущен
2025-01-25 04:56:14 [INFO]: Server running on port 5000
2025-01-25 04:56:14 [INFO]: MongoDB connected
2025-01-25 04:56:15 [INFO]: Connected to Tron Network. Current block: 53916395
2025-01-25 04:56:15 [INFO]: Подключено к MTT Network: MTT, Chain ID: 6880, Block: 6232810
2025-01-25 04:56:16 [INFO]: [0mGET / [33m404[0m 3.978 ms - 44[0m
