2025-01-16 06:13:16 [info]: Connected to Tron node: undefined
2025-01-16 06:18:00 [info]: Connected to Tron node: undefined
2025-01-16 06:24:33 [info]: Connected to Tron node: Unknown Node
2025-01-16 06:28:36 [info]: Connected to Tron node: Unknown Node
2025-01-16 06:29:40 [info]: Connected to Tron node: Unknown Node
2025-01-16 06:36:08 [info]: Connected to Tron node: Unknown Node
2025-01-16 06:44:19 [info]: Connected to Tron node: Unknown Node
2025-01-16 07:40:25 [info]: Connected to Tron node: Unknown Node
2025-01-16 07:40:58 [info]: Connected to Tron node: Unknown Node
2025-01-16 07:41:14 [info]: Connected to Tron node: Unknown Node
2025-01-16 07:45:16 [info]: Connected to Tron node: Unknown Node
2025-01-16 08:16:04 [INFO]: Server running on http://localhost:5000
2025-01-16 08:16:06 [INFO]: Connected to Tron node: Unknown Node
2025-01-16 08:16:06 [INFO]: MongoDB connected
2025-01-16 08:16:28 [INFO]: Server running on http://localhost:5000
2025-01-16 08:16:29 [INFO]: MongoDB connected
2025-01-16 08:16:30 [INFO]: Connected to Tron node: Unknown Node
2025-01-16 08:33:47 [INFO]: Server running on http://localhost:5000
2025-01-16 08:33:48 [INFO]: Connected to Tron node: Unknown Node
2025-01-16 08:33:49 [INFO]: MongoDB connected
2025-01-16 08:40:51 [INFO]: Server running on http://localhost:5000
2025-01-16 08:40:53 [INFO]: Connected to Tron node: Unknown Node
2025-01-16 08:40:53 [INFO]: MongoDB connected
2025-01-16 09:02:31 [INFO]: Server running on http://localhost:5000
2025-01-16 09:02:33 [INFO]: Connected to Tron node: Unknown Node
2025-01-16 09:02:33 [INFO]: MongoDB connected
2025-01-16 09:06:04 [INFO]: Server running on http://localhost:5000
2025-01-16 09:06:06 [INFO]: Connected to Tron node: Unknown Node
2025-01-16 09:06:07 [INFO]: MongoDB connected
2025-01-16 09:15:39 [INFO]: Server running on http://localhost:5000
2025-01-16 09:15:41 [INFO]: Connected to Tron node: Unknown Node
2025-01-16 09:15:42 [INFO]: MongoDB connected
2025-01-16 09:26:45 [INFO]: Server running on http://localhost:5000
2025-01-16 09:26:46 [INFO]: Connected to Tron node: Unknown Node
2025-01-16 09:26:47 [INFO]: MongoDB connected
2025-01-16 09:49:24 [INFO]: Server running on http://localhost:5000
2025-01-16 09:49:26 [INFO]: Connected to Tron node: Unknown Node
2025-01-16 09:49:26 [INFO]: MongoDB connected
2025-01-16 09:51:28 [INFO]: Server running on http://localhost:5000
2025-01-16 09:51:29 [INFO]: Connected to Tron node: Unknown Node
2025-01-16 09:51:30 [INFO]: MongoDB connected
2025-01-16 09:51:54 [INFO]: Server running on http://localhost:5000
2025-01-16 09:51:56 [INFO]: MongoDB connected
2025-01-16 09:51:56 [INFO]: Connected to Tron node: Unknown Node
2025-01-16 09:53:49 [INFO]: Server running on http://localhost:5000
2025-01-16 09:53:51 [INFO]: Connected to Tron node: Unknown Node
2025-01-16 09:53:52 [INFO]: MongoDB connected
2025-01-16 09:53:58 [INFO]: Server running on http://localhost:5000
2025-01-16 09:54:00 [INFO]: MongoDB connected
2025-01-16 09:54:01 [INFO]: Connected to Tron node: Unknown Node
2025-01-16 09:59:05 [INFO]: Server running on http://localhost:5000
2025-01-16 09:59:06 [INFO]: Connected to Tron node: Unknown Node
2025-01-16 09:59:07 [INFO]: MongoDB connected
2025-01-16 09:59:37 [INFO]: Server running on http://localhost:5000
2025-01-16 09:59:39 [INFO]: MongoDB connected
2025-01-16 09:59:39 [INFO]: Connected to Tron node: Unknown Node
2025-01-16 10:01:35 [INFO]: Server running on http://localhost:5000
2025-01-16 10:01:37 [INFO]: Connected to Tron node: Unknown Node
2025-01-16 10:01:37 [INFO]: MongoDB connected
2025-01-16 10:11:15 [INFO]: Server running on http://localhost:5000
2025-01-16 10:11:17 [INFO]: Connected to Tron node: Unknown Node
2025-01-16 10:11:18 [INFO]: MongoDB connected
2025-01-16 10:22:16 [INFO]: Server running on http://localhost:5000
2025-01-16 10:22:18 [INFO]: Connected to Tron node: Unknown Node
2025-01-16 10:22:19 [INFO]: MongoDB connected
2025-01-16 10:23:50 [INFO]: Server running on http://localhost:5000
2025-01-16 10:23:52 [INFO]: Connected to Tron node: Unknown Node
2025-01-16 10:23:52 [INFO]: MongoDB connected
2025-01-16 10:25:30 [INFO]: Server running on http://localhost:5000
2025-01-16 10:25:32 [INFO]: Connected to Tron node: Unknown Node
2025-01-16 10:25:32 [INFO]: MongoDB connected
2025-01-16 10:26:45 [INFO]: Server running on http://localhost:5000
2025-01-16 10:26:47 [INFO]: Connected to Tron node: Unknown Node
2025-01-16 10:26:48 [INFO]: MongoDB connected
2025-01-16 10:27:11 [INFO]: Server running on http://localhost:5000
2025-01-16 10:27:13 [INFO]: MongoDB connected
2025-01-16 10:27:13 [INFO]: Connected to Tron node: Unknown Node
2025-01-16 10:28:14 [INFO]: Server running on http://localhost:5000
2025-01-16 10:28:16 [INFO]: Connected to Tron node: Unknown Node
2025-01-16 10:28:16 [INFO]: MongoDB connected
2025-01-16 10:28:46 [INFO]: Server running on http://localhost:5000
2025-01-16 10:28:48 [INFO]: Connected to Tron node: Unknown Node
2025-01-16 10:28:48 [INFO]: MongoDB connected
2025-01-16 10:32:54 [INFO]: Server running on http://localhost:5000
2025-01-16 10:32:56 [INFO]: Connected to Tron node: Unknown Node
2025-01-16 10:32:56 [INFO]: MongoDB connected
2025-01-16 10:33:17 [INFO]: Server running on http://localhost:5000
2025-01-16 10:33:19 [INFO]: Connected to Tron node: Unknown Node
2025-01-16 10:33:19 [INFO]: MongoDB connected
2025-01-16 10:50:41 [INFO]: Server running on http://localhost:5000
2025-01-16 10:50:43 [INFO]: Connected to Tron node: Unknown Node
2025-01-16 10:50:43 [INFO]: MongoDB connected
2025-01-16 10:53:51 [INFO]: Server running on http://localhost:5000
2025-01-16 10:53:52 [INFO]: Connected to Tron node: Unknown Node
2025-01-16 10:53:53 [INFO]: MongoDB connected
2025-01-16 11:00:12 [INFO]: Server running on http://localhost:5000
2025-01-16 11:00:14 [INFO]: Connected to Tron node: Unknown Node
2025-01-16 11:00:14 [INFO]: MongoDB connected
2025-01-16 11:01:48 [INFO]: Server running on http://localhost:5000
2025-01-16 11:01:49 [INFO]: Connected to Tron node: Unknown Node
2025-01-16 11:01:50 [INFO]: MongoDB connected
2025-01-16 11:09:02 [INFO]: Server running on http://localhost:5000
2025-01-16 11:09:04 [INFO]: Connected to Tron node: Unknown Node
2025-01-16 11:09:05 [INFO]: MongoDB connected
2025-01-16 11:13:24 [INFO]: Server running on http://localhost:5000
2025-01-16 11:13:26 [INFO]: Connected to Tron node: Unknown Node
2025-01-16 11:13:26 [INFO]: MongoDB connected
2025-01-16 11:13:44 [INFO]: Server running on http://localhost:5000
2025-01-16 11:13:46 [INFO]: Connected to Tron node: Unknown Node
2025-01-16 11:13:46 [INFO]: MongoDB connected
2025-01-16 11:18:33 [INFO]: Server running on http://localhost:5000
2025-01-16 11:18:35 [INFO]: Connected to Tron node: Unknown Node
2025-01-16 11:18:36 [INFO]: MongoDB connected
2025-01-16 11:40:14 [INFO]: Server running on http://localhost:5000
2025-01-16 11:40:16 [INFO]: Connected to Tron node: Unknown Node
2025-01-16 11:40:17 [INFO]: MongoDB connected
2025-01-16 11:57:00 [INFO]: Server running on http://localhost:5000
2025-01-16 11:57:01 [INFO]: Connected to Tron node: Unknown Node
2025-01-16 11:57:02 [INFO]: MongoDB connected
2025-01-16 12:03:26 [INFO]: Server running on http://localhost:5000
2025-01-16 12:03:28 [INFO]: Connected to Tron node: Unknown Node
2025-01-16 12:03:29 [INFO]: MongoDB connected
2025-01-16 12:07:18 [INFO]: Server running on http://localhost:5000
2025-01-16 12:07:20 [INFO]: Connected to Tron node: Unknown Node
2025-01-16 12:07:20 [INFO]: MongoDB connected
2025-01-16 12:13:53 [INFO]: Server running on http://localhost:5000
2025-01-16 12:13:55 [INFO]: Connected to Tron node: Unknown Node
2025-01-16 12:13:56 [INFO]: MongoDB connected
2025-01-16 12:14:29 [INFO]: Server running on http://localhost:5000
2025-01-16 12:14:31 [INFO]: MongoDB connected
2025-01-16 12:14:31 [INFO]: Connected to Tron node: Unknown Node
2025-01-16 12:15:34 [INFO]: Server running on http://localhost:5000
2025-01-16 12:15:36 [INFO]: Connected to Tron node: Unknown Node
2025-01-16 12:15:37 [INFO]: MongoDB connected
2025-01-16 12:22:06 [INFO]: Обработчик истечения срока сделок запущен
2025-01-16 12:22:06 [INFO]: Server running on http://localhost:5000
2025-01-16 12:22:08 [INFO]: Connected to Tron node: Unknown Node
2025-01-16 12:22:08 [INFO]: MongoDB connected
2025-01-16 12:32:31 [INFO]: Обработчик истечения срока сделок запущен
2025-01-16 12:32:31 [INFO]: Server running on http://localhost:5000
2025-01-16 12:32:33 [INFO]: Connected to Tron node: Unknown Node
2025-01-16 12:32:34 [INFO]: MongoDB connected
2025-01-16 12:33:04 [INFO]: Обработчик истечения срока сделок запущен
2025-01-16 12:33:05 [INFO]: Server running on http://localhost:5000
2025-01-16 12:33:06 [INFO]: Connected to Tron node: Unknown Node
2025-01-16 12:33:07 [INFO]: MongoDB connected
2025-01-16 12:33:52 [INFO]: Обработчик истечения срока сделок запущен
2025-01-16 12:33:52 [INFO]: Server running on http://localhost:5000
2025-01-16 12:33:54 [INFO]: Connected to Tron node: Unknown Node
2025-01-16 12:33:54 [INFO]: MongoDB connected
2025-01-16 12:34:13 [INFO]: ::1 - - [16/Jan/2025:07:34:13 +0000] "GET /api/orders HTTP/1.1" 401 45 "-" "Mozilla/5.0 (Windows NT 10.0; Win64; x64) AppleWebKit/537.36 (KHTML, like Gecko) Chrome/131.0.0.0 Safari/537.36"
2025-01-16 12:34:19 [INFO]: ::1 - - [16/Jan/2025:07:34:19 +0000] "GET /api/ HTTP/1.1" 404 44 "-" "Mozilla/5.0 (Windows NT 10.0; Win64; x64) AppleWebKit/537.36 (KHTML, like Gecko) Chrome/131.0.0.0 Safari/537.36"
2025-01-16 12:34:29 [INFO]: ::1 - - [16/Jan/2025:07:34:29 +0000] "GET /api/register HTTP/1.1" 404 44 "-" "Mozilla/5.0 (Windows NT 10.0; Win64; x64) AppleWebKit/537.36 (KHTML, like Gecko) Chrome/131.0.0.0 Safari/537.36"
2025-01-16 12:44:12 [INFO]: Обработчик истечения срока сделок запущен
2025-01-16 12:44:12 [INFO]: Server running on http://localhost:5000
2025-01-16 12:44:14 [INFO]: Connected to Tron node: Unknown Node
2025-01-16 12:44:15 [INFO]: MongoDB connected
